<?xml version="1.0" encoding="UTF-8"?>
<!-- Generated by org.testng.reporters.JUnitXMLReporter -->
<testsuite ignored="6" hostname="DESKTOP-A9M7C3K" failures="0" tests="0" time="0.018" errors="0" timestamp="2021-09-14T23:46:13 IST">
  <testcase classname="testng.GroupingOfTestCases" name="navToApp" time="0.0">
    <ignored/>
  </testcase> <!-- navToApp -->
  <testcase classname="testng.GroupingOfTestCases" name="login" time="0.0">
    <ignored/>
  </testcase> <!-- login -->
  <testcase classname="testng.GroupingOfTestCases" name="logout" time="0.0">
    <ignored/>
  </testcase> <!-- logout -->
  <testcase classname="testng.GroupingOfTestCases" name="dashboard" time="0.0">
    <ignored/>
  </testcase> <!-- dashboard -->
  <testcase classname="testng.GroupingOfTestCases" name="profile" time="0.0">
    <ignored/>
  </testcase> <!-- profile -->
  <testcase classname="testng.GroupingOfTestCases" name="buy" time="0.0">
    <ignored/>
  </testcase> <!-- buy -->
</testsuite>
